app/build/outputs/mapping/release/seeds.txt
com.chataja.kiwari.ui.chatroom.ChatRoomActivity: ChatRoomActivity()
com.chataja.kiwari.models.User: java.lang.String getName()
com.chataja.kiwari.models.User: boolean equals(java.lang.Object)
com.chataja.kiwari.ui.login.LoginActivity
com.chataja.kiwari.models.ChatMessage: java.lang.String text
com.chataja.kiwari.models.User: java.lang.String uid
com.chataja.kiwari.models.User: void writeToParcel(android.os.Parcel,int)
com.chataja.kiwari.models.ChatMessage
com.chataja.kiwari.models.User$Creator: java.lang.Object createFromParcel(android.os.Parcel)
com.chataja.kiwari.models.User$Creator
com.chataja.kiwari.models.User: int hashCode()
com.chataja.kiwari.models.ChatMessage: long getTimestamp()
com.chataja.kiwari.models.ChatMessage: long timestamp
com.chataja.kiwari.models.User: java.lang.String getUid()
com.chataja.kiwari.models.ChatMessage: ChatMessage()
com.chataja.kiwari.models.User: User()
com.chataja.kiwari.models.User: java.lang.String component1()
com.chataja.kiwari.models.User: com.chataja.kiwari.models.User copy(java.lang.String,java.lang.String,java.lang.String)
com.chataja.kiwari.models.User: android.os.Parcelable$Creator CREATOR
com.chataja.kiwari.ui.login.LoginActivity: LoginActivity()
com.chataja.kiwari.App: App()
com.chataja.kiwari.models.User$Creator: java.lang.Object[] newArray(int)
com.chataja.kiwari.models.User
com.chataja.kiwari.models.User$Creator: User$Creator()
com.chataja.kiwari.models.User: java.lang.String component2()
com.chataja.kiwari.models.User: com.chataja.kiwari.models.User copy$default(com.chataja.kiwari.models.User,java.lang.String,java.lang.String,java.lang.String,int,java.lang.Object)
com.chataja.kiwari.models.ChatMessage: java.lang.String getToId()
com.chataja.kiwari.models.ChatMessage: ChatMessage(java.lang.String,java.lang.String,java.lang.String,java.lang.String,long)
com.chataja.kiwari.models.User: java.lang.String toString()
com.chataja.kiwari.App
com.chataja.kiwari.models.User: java.lang.String component3()
com.chataja.kiwari.models.ChatMessage: java.lang.String getFromId()
com.chataja.kiwari.models.User: int describeContents()
com.chataja.kiwari.models.ChatMessage: java.lang.String getId()
com.chataja.kiwari.models.ChatMessage: java.lang.String id
com.chataja.kiwari.models.User: java.lang.String profileImageUrl
com.chataja.kiwari.models.User: java.lang.String getProfileImageUrl()
com.chataja.kiwari.ui.chatroom.ChatRoomActivity
com.chataja.kiwari.ui.splash.SplashActivity
com.chataja.kiwari.ui.splash.SplashActivity: SplashActivity()
com.chataja.kiwari.models.User: java.lang.String name
com.chataja.kiwari.models.ChatMessage: java.lang.String toId
com.chataja.kiwari.models.ChatMessage: java.lang.String fromId
com.chataja.kiwari.models.ChatMessage: java.lang.String getText()
com.chataja.kiwari.models.User: User(java.lang.String,java.lang.String,java.lang.String)
...
androidx.appcompat.widget.LinearLayoutCompat
com.google.android.material.internal.NavigationMenuItemView: void setHorizontalPadding(int)
com.google.android.gms.internal.firebase_auth.zzcn: android.os.Parcelable$Creator CREATOR
kotlin.coroutines.AbstractCoroutineContextElement: java.lang.Object fold(java.lang.Object,kotlin.jvm.functions.Function2)
android.support.v4.media.session.MediaControllerCompat$MediaControllerImplApi21$ExtraBinderRequestResultReceiver
com.google.android.material.textfield.TextInputLayout: int getBoxStrokeColor()
androidx.appcompat.widget.AppCompatCheckBox: void setButtonDrawable(android.graphics.drawable.Drawable)
androidx.constraintlayout.widget.Guideline: void setGuidelinePercent(float)
com.google.android.material.floatingactionbutton.FloatingActionButton$BaseBehavior
androidx.appcompat.widget.LinearLayoutCompat: int getGravity()
com.google.android.material.internal.BaselineLayout
com.google.android.gms.internal.measurement.zzbs$zzg: long zzxo
com.google.android.material.button.MaterialButton: int getCornerRadius()
androidx.vectordrawable.graphics.drawable.VectorDrawableCompat$VPath
androidx.vectordrawable.graphics.drawable.VectorDrawableCompat$VGroup: float getScaleY()
androidx.appcompat.widget.AppCompatMultiAutoCompleteTextView: void setDropDownBackgroundResource(int)
androidx.lifecycle.Lifecycle$Event: androidx.lifecycle.Lifecycle$Event ON_ANY
androidx.appcompat.widget.Toolbar: java.lang.CharSequence getNavigationContentDescription()
com.google.android.gms.internal.measurement.zzbk$zzd: int zzuf
androidx.core.app.CoreComponentFactory: CoreComponentFactory()
com.google.android.material.textfield.TextInputLayout: void setBoxBackgroundMode(int)
androidx.vectordrawable.graphics.drawable.VectorDrawableCompat$VFullPath: int getStrokeColor()
androidx.recyclerview.widget.LinearLayoutManager
androidx.appcompat.app.AppCompatViewInflater: java.lang.String[] sClassPrefixList
androidx.appcompat.widget.AppCompatImageView
androidx.appcompat.widget.AppCompatImageView: void setSupportBackgroundTintMode(android.graphics.PorterDuff$Mode)
androidx.appcompat.app.AppCompatViewInflater: android.view.View createViewByPrefix(android.content.Context,java.lang.String,java.lang.String)
androidx.recyclerview.widget.RecyclerView: void setViewCacheExtension(androidx.recyclerview.widget.RecyclerView$ViewCacheExtension)
com.google.android.material.transformation.FabTransformationScrimBehavior: FabTransformationScrimBehavior()
androidx.appcompat.widget.SearchView: void setQueryHint(java.lang.CharSequence)
androidx.recyclerview.widget.RecyclerView: int getMinFlingVelocity()
com.google.android.gms.internal.measurement.zzbk$zzb: com.google.android.gms.internal.measurement.zzgr zzuo
com.google.android.material.internal.BaselineLayout: int getBaseline()
com.google.android.gms.measurement.AppMeasurement$ConditionalUserProperty: java.lang.String mTriggerEventName
androidx.vectordrawable.graphics.drawable.VectorDrawableCompat$VGroup
androidx.cardview.widget.CardView: void setMaxCardElevation(float)
com.google.android.material.bottomappbar.BottomAppBar$Behavior
com.google.firebase.analytics.connector.internal.AnalyticsConnectorRegistrar: java.util.List getComponents()
com.google.android.gms.internal.measurement.zzev: com.google.android.gms.internal.measurement.zzev[] values()
androidx.appcompat.widget.ContentFrameLayout: void setAttachListener(androidx.appcompat.widget.ContentFrameLayout$OnAttachListener)
androidx.constraintlayout.widget.ConstraintLayout: void setMaxHeight(int)
androidx.appcompat.app.AppCompatViewInflater: androidx.appcompat.widget.AppCompatTextView createTextView(android.content.Context,android.util.AttributeSet)
com.google.firebase.iid.Registrar
com.google.android.material.textfield.TextInputLayout: int getCounterMaxLength()
androidx.appcompat.widget.AppCompatImageView: void setImageResource(int)
androidx.media.AudioAttributesCompat: AudioAttributesCompat()