app/build/outputs/mapping/release/mapping.txt
# compiler: R8
# compiler_version: 2.1.16-dev
# min_api: 16
# compiler_hash: b7acf29f2ddf1aad59f10f80589f6f8466665761
# pg_map_id: 20274e8
# common_typos_disable
com.chataja.kiwari.R$id -> com.chataja.kiwari.a:
    int textview_to_row -> n
    int to_msg_time -> o
    int rootView -> l
    int textview_from_row -> m
    int mainToolbar -> j
    int recyclerview_chat_log -> k
    int loginEmail -> h
    int loginPass -> i
    int from_msg_time -> f
    int loading -> g
    int chat_layout -> d
    int etMessage -> e
    int btnSend -> b
    int btnSignIn -> c
    int btnEmoji -> a
com.chataja.kiwari.models.ChatMessage -> com.chataja.kiwari.b.a:
com.chataja.kiwari.models.User -> com.chataja.kiwari.b.b:
com.chataja.kiwari.models.User$Creator -> com.chataja.kiwari.b.b$a:
com.chataja.kiwari.ui.chatroom.ChatFromItem -> com.chataja.kiwari.ui.chatroom.a:
    long timestamp -> c
    java.lang.String text -> b
    void bind(com.xwray.groupie.ViewHolder,int) -> c
    int getLayout() -> g
com.chataja.kiwari.ui.chatroom.ChatRoomActivity -> com.chataja.kiwari.ui.chatroom.ChatRoomActivity:
    java.lang.String TAG -> v
    com.chataja.kiwari.models.User currentUser -> t
    com.xwray.groupie.GroupAdapter adapter -> u
    com.google.firebase.database.FirebaseDatabase firebaseInstance -> w
    java.util.HashMap _$_findViewCache -> x
    com.vanniktech.emoji.EmojiPopup emojiPopup -> s
    android.view.View _$_findCachedViewById(int) -> B
    com.xwray.groupie.GroupAdapter access$getAdapter$p(com.chataja.kiwari.ui.chatroom.ChatRoomActivity) -> C
    com.chataja.kiwari.models.User access$getCurrentUser$p(com.chataja.kiwari.ui.chatroom.ChatRoomActivity) -> D
    com.vanniktech.emoji.EmojiPopup access$getEmojiPopup$p(com.chataja.kiwari.ui.chatroom.ChatRoomActivity) -> E
    java.lang.String access$getTAG$p(com.chataja.kiwari.ui.chatroom.ChatRoomActivity) -> F
    com.chataja.kiwari.models.User access$getToUser$p(com.chataja.kiwari.ui.chatroom.ChatRoomActivity) -> G
    void access$sendMessage(com.chataja.kiwari.ui.chatroom.ChatRoomActivity) -> H
    void access$setCurrentUser$p(com.chataja.kiwari.ui.chatroom.ChatRoomActivity,com.chataja.kiwari.models.User) -> I
    void fetchCurrentUser() -> J
    com.chataja.kiwari.models.User getToUser() -> K
    void listenForMessages() -> L
    void sendMessage() -> M
    void setUpEmojiPopup() -> N
    void setUpToolbar() -> O
com.chataja.kiwari.ui.chatroom.ChatRoomActivity$fetchCurrentUser$1 -> com.chataja.kiwari.ui.chatroom.ChatRoomActivity$a:
    com.chataja.kiwari.ui.chatroom.ChatRoomActivity this$0 -> a
    void onCancelled(com.google.firebase.database.DatabaseError) -> a
    void onDataChange(com.google.firebase.database.DataSnapshot) -> b
com.chataja.kiwari.ui.chatroom.ChatRoomActivity$listenForMessages$1 -> com.chataja.kiwari.ui.chatroom.ChatRoomActivity$b:
    com.chataja.kiwari.ui.chatroom.ChatRoomActivity this$0 -> a
    void onCancelled(com.google.firebase.database.DatabaseError) -> a
    void onDataChange(com.google.firebase.database.DataSnapshot) -> b
com.chataja.kiwari.ui.chatroom.ChatRoomActivity$listenForMessages$2 -> com.chataja.kiwari.ui.chatroom.ChatRoomActivity$c:
    com.chataja.kiwari.ui.chatroom.ChatRoomActivity this$0 -> a
    void onCancelled(com.google.firebase.database.DatabaseError) -> a
    void onChildChanged(com.google.firebase.database.DataSnapshot,java.lang.String) -> b
    void onChildAdded(com.google.firebase.database.DataSnapshot,java.lang.String) -> c
    void onChildRemoved(com.google.firebase.database.DataSnapshot) -> d
    void onChildMoved(com.google.firebase.database.DataSnapshot,java.lang.String) -> e
com.chataja.kiwari.ui.chatroom.ChatRoomActivity$onCreate$1 -> com.chataja.kiwari.ui.chatroom.ChatRoomActivity$d:
    com.chataja.kiwari.ui.chatroom.ChatRoomActivity this$0 -> e
com.chataja.kiwari.ui.chatroom.ChatRoomActivity$onCreate$2 -> com.chataja.kiwari.ui.chatroom.ChatRoomActivity$e:
    com.chataja.kiwari.ui.chatroom.ChatRoomActivity this$0 -> e
...
com.google.firebase.auth.api.internal.zzcy -> com.google.firebase.auth.a0.a.g0:
    com.google.android.gms.internal.firebase_auth.zzdj zza -> y
    com.google.android.gms.common.api.internal.TaskApiCall zzb() -> a
    java.lang.String zza() -> c
    void zze() -> o
    void zza(com.google.firebase.auth.api.internal.zzdu,com.google.android.gms.tasks.TaskCompletionSource) -> q
com.google.firebase.auth.api.internal.zzcz -> com.google.firebase.auth.a0.a.h0:
    com.google.firebase.auth.api.internal.zzda zza -> a
    void accept(java.lang.Object,java.lang.Object) -> a
com.google.firebase.auth.api.internal.zzda -> com.google.firebase.auth.a0.a.i0:
    com.google.android.gms.internal.firebase_auth.zzdl zza -> y
    com.google.android.gms.common.api.internal.TaskApiCall zzb() -> a
    java.lang.String zza() -> c
    void zze() -> o
    void zza(com.google.firebase.auth.api.internal.zzdu,com.google.android.gms.tasks.TaskCompletionSource) -> q
com.google.firebase.auth.api.internal.zzds -> com.google.firebase.auth.a0.a.j0:
    com.google.firebase.auth.api.internal.zzej zza -> a
    android.content.Context zzb -> b
    com.google.android.gms.common.api.GoogleApi zza(boolean,android.content.Context) -> a
com.google.firebase.auth.api.internal.zzdt -> com.google.firebase.auth.a0.a.k0:
    android.content.Context zzb -> y
    com.google.android.gms.common.logging.Logger zza -> A
    com.google.firebase.auth.api.internal.zzej zzc -> z
    java.lang.String getStartServicePackage() -> D
    com.google.firebase.auth.api.internal.zzee zza() -> c
    java.lang.String getServiceDescriptor() -> i
    android.os.IInterface createServiceInterface(android.os.IBinder) -> k
    java.lang.String getStartServiceAction() -> o
    boolean requiresGooglePlayServices() -> p
    int getMinApkVersion() -> r
    com.google.android.gms.common.Feature[] getApiFeatures() -> w
    android.os.Bundle getGetServiceRequestExtraArgs() -> z
com.google.firebase.auth.api.internal.zzdu -> com.google.firebase.auth.a0.a.l0:
    com.google.firebase.auth.api.internal.zzee zza() -> c
com.google.firebase.auth.api.internal.zzdw -> com.google.firebase.auth.a0.a.m0:
    android.util.SparseArray zza -> a
    com.google.firebase.FirebaseException zza(com.google.android.gms.common.api.Status) -> a
    com.google.firebase.auth.FirebaseAuthUserCollisionException zza(com.google.android.gms.common.api.Status,com.google.firebase.auth.AuthCredential,java.lang.String,java.lang.String) -> b
    com.google.firebase.auth.zzs zza(com.google.firebase.auth.FirebaseAuth,com.google.android.gms.internal.firebase_auth.zzed,com.google.firebase.auth.FirebaseUser) -> c
    java.lang.String zza(int) -> d
    java.lang.String zza(java.lang.String,com.google.android.gms.common.api.Status) -> e
    java.lang.String zzb(int) -> f
com.google.firebase.auth.api.internal.zzdz -> com.google.firebase.auth.a0.a.n0:
    void a_() -> A0
    void zzc(java.lang.String) -> C
    void zza(com.google.firebase.auth.PhoneAuthCredential) -> F
    void zza(com.google.android.gms.internal.firebase_auth.zzey) -> G0
    void zza(com.google.android.gms.internal.firebase_auth.zzff) -> M
    void zza(com.google.android.gms.internal.firebase_auth.zzei) -> S
    void zzb() -> a
    void zzc() -> b
    void zza(java.lang.String) -> e
    void zza(com.google.android.gms.common.api.Status) -> k
    void zza(com.google.android.gms.common.api.Status,com.google.firebase.auth.PhoneAuthCredential) -> p
    void zza(com.google.android.gms.internal.firebase_auth.zzey,com.google.android.gms.internal.firebase_auth.zzes) -> p0
    void zza(com.google.android.gms.internal.firebase_auth.zzeb) -> s0
    void zzb(java.lang.String) -> t0
    void zza(com.google.android.gms.internal.firebase_auth.zzed) -> z0
com.google.firebase.auth.api.internal.zzec -> com.google.firebase.auth.a0.a.o0:
    boolean zza(int,android.os.Parcel,android.os.Parcel,int) -> h