app/build/outputs/mapping/release/usage.txt
com.chataja.kiwari.R$id:
    private void <init>()
    public static final int ALT
    public static final int CTRL
    public static final int FUNCTION
    public static final int META
    public static final int SHIFT
    public static final int SYM
    public static final int action0
    public static final int action_bar
    public static final int action_bar_activity_content
    public static final int action_bar_container
    public static final int action_bar_root
    public static final int action_bar_spinner
    public static final int action_bar_subtitle
    public static final int action_bar_title
    public static final int action_container
    public static final int action_context_bar
    public static final int action_divider
    public static final int action_image
    public static final int action_menu_divider
    public static final int action_menu_presenter
    public static final int action_mode_bar
    public static final int action_mode_bar_stub
    public static final int action_mode_close_button
    public static final int action_text
    public static final int actions
    public static final int activity_chooser_view_content
    public static final int add
    public static final int adjust_height
    public static final int adjust_width
    public static final int alertTitle
    public static final int all
    public static final int always
    public static final int async
    public static final int auto
    public static final int barrier
com.chataja.kiwari.ui.chatroom.ChatToItem:
    public final com.chataja.kiwari.models.User getUser()
com.chataja.kiwari.R$dimen
com.chataja.kiwari.R$attr
com.chataja.kiwari.ui.login.LoginActivity:
    public void _$_clearFindViewByIdCache()
com.chataja.kiwari.R$bool
com.chataja.kiwari.R$layout
com.chataja.kiwari.R$style
com.chataja.kiwari.R
com.chataja.kiwari.utils.DateUtils:
    public final java.text.SimpleDateFormat getFullFormattedTime()
    public final java.text.SimpleDateFormat getOnlyTime()
    public final java.text.SimpleDateFormat getOnlyDate()
    public final java.lang.String getFormattedTime(long)
    public final boolean isYesterday(java.util.Date)
com.chataja.kiwari.ui.chatroom.ChatRoomActivity:
    public static final synthetic void access$setEmojiPopup$p(com.chataja.kiwari.ui.chatroom.ChatRoomActivity,com.vanniktech.emoji.EmojiPopup)
    public void _$_clearFindViewByIdCache()
com.chataja.kiwari.R$integer
com.chataja.kiwari.R$mipmap
com.chataja.kiwari.R$string
com.chataja.kiwari.BuildConfig
com.chataja.kiwari.R$anim
com.chataja.kiwari.R$styleable
com.chataja.kiwari.R$interpolator
com.chataja.kiwari.R$color
com.chataja.kiwari.ui.splash.SplashActivity:
    public android.view.View _$_findCachedViewById(int)
    public void _$_clearFindViewByIdCache()
    private java.util.HashMap _$_findViewCache
com.chataja.kiwari.R$menu
com.chataja.kiwari.R$animator
com.chataja.kiwari.ui.chatroom.ChatFromItem:
    public final com.chataja.kiwari.models.User getUser()
com.chataja.kiwari.R$drawable
com.chataja.kiwari.ui.chatroom.ChatToItem:
    private final com.chataja.kiwari.models.User user
com.chataja.kiwari.utils.DateUtils:
    private static final java.text.SimpleDateFormat fullFormattedTime
    private static final java.text.SimpleDateFormat onlyTime
    private static final java.text.SimpleDateFormat onlyDate
com.chataja.kiwari.ui.chatroom.ChatFromItem:
    private final com.chataja.kiwari.models.User user
...
com.google.android.gms.common.internal.service.zah
androidx.transition.R$layout
com.bumptech.glide.Registry$NoModelLoaderAvailableException
com.bumptech.glide.load.engine.DecodeJob$DiskCacheProvider
androidx.documentfile.provider.RawDocumentFile
androidx.swiperefreshlayout.widget.CircleImageView$OvalShadow
kotlinx.coroutines.internal.ThreadState
kotlinx.coroutines.android.HandlerDispatcherKt$awaitFrame$3$1
androidx.core.content.ContentResolverCompat
androidx.lifecycle.viewmodel.R
com.google.android.gms.common.util.RetainForClient
okhttp3.ResponseBody$BomAwareReader
com.bumptech.glide.manager.DefaultConnectivityMonitorFactory
kotlinx.coroutines.selects.UnbiasedSelectBuilderImpl$invoke$3
com.wang.avi.indicators.SquareSpinIndicator
com.bumptech.glide.load.engine.bitmap_recycle.LruArrayPool$KeyPool
androidx.core.app.CoreComponentFactory:
    private static final java.lang.String TAG
okhttp3.internal.http2.Settings:
    boolean getEnablePush(boolean)
    int getMaxHeaderListSize(int)
    static final int DEFAULT_INITIAL_WINDOW_SIZE
    static final int HEADER_TABLE_SIZE
    static final int ENABLE_PUSH
    static final int MAX_CONCURRENT_STREAMS
    static final int MAX_FRAME_SIZE
    static final int MAX_HEADER_LIST_SIZE
    static final int INITIAL_WINDOW_SIZE
    static final int COUNT
kotlin.collections.ArraysKt___ArraysKt$asSequence$$inlined$Sequence$2
com.google.firebase.analytics.zza:
    public final void logEventInternalNoInterceptor(java.lang.String,java.lang.String,android.os.Bundle,long)
    public final void setUserPropertyInternal(java.lang.String,java.lang.String,java.lang.Object)
    public final void setMeasurementEnabled(boolean)
    public final void zza(com.google.android.gms.measurement.internal.zzgk)
    public final void zza(com.google.android.gms.measurement.internal.zzgn)
    public final void zzb(com.google.android.gms.measurement.internal.zzgn)
    public final java.lang.Object zzb(int)
com.google.android.gms.internal.firebase_auth.zzfn
kotlin.LazyKt__LazyJVMKt
com.google.firebase.database.R$color
androidx.drawerlayout.widget.DrawerLayout$ViewDragCallback
com.bumptech.glide.load.engine.DecodeJob$ReleaseManager
kotlinx.coroutines.channels.ChannelsKt__Channels_commonKt$mapIndexedTo$3
kotlin.collections.ArraysKt___ArraysKt$groupingBy$1
com.google.firebase.database.core.utilities.NodeSizeEstimator:
    private static final int LEAF_PRIORITY_OVERHEAD
com.vanniktech.emoji.R$attr:
    private void <init>()
    public static final int actionBarDivider
    public static final int actionBarItemBackground
    public static final int actionBarPopupTheme
    public static final int actionBarSize
    public static final int actionBarSplitStyle
    public static final int actionBarStyle
    public static final int actionBarTabBarStyle
    public static final int actionBarTabStyle
    public static final int actionBarTabTextStyle
    public static final int actionBarTheme
    public static final int actionBarWidgetTheme
    public static final int actionButtonStyle
    public static final int actionDropDownStyle
    public static final int actionLayout
    public static final int actionMenuTextAppearance
    public static final int actionMenuTextColor
    public static final int actionModeBackground
    public static final int actionModeCloseButtonStyle
    public static final int actionModeCloseDrawable
    public static final int actionModeCopyDrawable
    public static final int actionModeCutDrawable
    public static final int actionModeFindDrawable
    public static final int actionModePasteDrawable
    public static final int actionModePopupWindowStyle
    public static final int actionModeSelectAllDrawable
    public static final int actionModeShareDrawable
    public static final int actionModeSplitBackground
    public static final int actionModeStyle
    public static final int actionModeWebSearchDrawable
kotlin.jvm.internal.markers.KMutableListIterator